<?xml version="1.0" encoding="UTF-8"?>
<!-- Generated by org.testng.reporters.JUnitReportReporter -->
<testsuite hostname="ASDW0135" name="com.practise.test.GetAPITest" tests="1" failures="0" timestamp="29 Aug 2018 11:50:11 GMT" time="0.415" errors="0">
  <testcase name="getAPITestWithoutHeaders" time="0.415" classname="com.practise.test.GetAPITest"/>
</testsuite> <!-- com.practise.test.GetAPITest -->
